{
  "stats": {
    "suites": 1,
    "tests": 7,
    "passes": 7,
    "pending": 0,
    "failures": 0,
    "start": "2025-02-07T12:42:25.464Z",
    "end": "2025-02-07T12:42:29.277Z",
    "duration": 3813,
    "testsRegistered": 7,
    "passPercent": 100,
    "pendingPercent": 0,
    "other": 0,
    "hasOther": false,
    "skipped": 0,
    "hasSkipped": false
  },
  "results": [
    {
      "uuid": "4aee5861-5104-44f0-854f-b188b7d56171",
      "title": "",
      "fullFile": "cypress\\e2e\\aula2-pagina-inicial.cy.js",
      "file": "cypress\\e2e\\aula2-pagina-inicial.cy.js",
      "beforeHooks": [],
      "afterHooks": [],
      "tests": [],
      "suites": [
        {
          "uuid": "510275e1-0815-4ef9-bd24-37a015e3858f",
          "title": "Página inicial",
          "fullFile": "",
          "file": "",
          "beforeHooks": [],
          "afterHooks": [],
          "tests": [
            {
              "title": "deve  clicar no botão ‘Ver pets disponíveis para adoção”",
              "fullTitle": "Página inicial deve  clicar no botão ‘Ver pets disponíveis para adoção”",
              "timedOut": null,
              "duration": 728,
              "state": "passed",
              "speed": "fast",
              "pass": true,
              "fail": false,
              "pending": false,
              "context": null,
              "code": "cy.get('.button').click();",
              "err": {},
              "uuid": "4d928a30-f03c-4587-bbb4-f6e8162612df",
              "parentUUID": "510275e1-0815-4ef9-bd24-37a015e3858f",
              "isHook": false,
              "skipped": false
            },
            {
              "title": "deve testar os botão de home",
              "fullTitle": "Página inicial deve testar os botão de home",
              "timedOut": null,
              "duration": 239,
              "state": "passed",
              "speed": "fast",
              "pass": true,
              "fail": false,
              "pending": false,
              "context": null,
              "code": "cy.get('.header__home').click();",
              "err": {},
              "uuid": "efc9f542-5fbc-49c0-bbd6-e3f76cc6021e",
              "parentUUID": "510275e1-0815-4ef9-bd24-37a015e3858f",
              "isHook": false,
              "skipped": false
            },
            {
              "title": "Deve testar os botão de mensagens",
              "fullTitle": "Página inicial Deve testar os botão de mensagens",
              "timedOut": null,
              "duration": 247,
              "state": "passed",
              "speed": "fast",
              "pass": true,
              "fail": false,
              "pending": false,
              "context": null,
              "code": "cy.get('.header__message').click();",
              "err": {},
              "uuid": "88911bc3-b4c8-473a-9586-f93bb9ac7fa8",
              "parentUUID": "510275e1-0815-4ef9-bd24-37a015e3858f",
              "isHook": false,
              "skipped": false
            },
            {
              "title": "Verifica se o title com o texto “AdoPet” está presente no html",
              "fullTitle": "Página inicial Verifica se o title com o texto “AdoPet” está presente no html",
              "timedOut": null,
              "duration": 106,
              "state": "passed",
              "speed": "fast",
              "pass": true,
              "fail": false,
              "pending": false,
              "context": null,
              "code": "cy.title().should('eq', 'AdoPet');",
              "err": {},
              "uuid": "d832f3ab-968c-4824-9a1b-750a8959f4b0",
              "parentUUID": "510275e1-0815-4ef9-bd24-37a015e3858f",
              "isHook": false,
              "skipped": false
            },
            {
              "title": "Verifica se o texto “Quem ama adota!” está presente no html",
              "fullTitle": "Página inicial Verifica se o texto “Quem ama adota!” está presente no html",
              "timedOut": null,
              "duration": 439,
              "state": "passed",
              "speed": "fast",
              "pass": true,
              "fail": false,
              "pending": false,
              "context": null,
              "code": "cy.contains('Quem ama adota!').should('be.visible');",
              "err": {},
              "uuid": "b14aa83d-0f43-437a-9174-e140b2c9a2d0",
              "parentUUID": "510275e1-0815-4ef9-bd24-37a015e3858f",
              "isHook": false,
              "skipped": false
            },
            {
              "title": "Verifica se o texto “Adotar pode mudar uma vida. Que tal buscar seu novo melhor amigo hoje? Vem com a gente!” está presente no html",
              "fullTitle": "Página inicial Verifica se o texto “Adotar pode mudar uma vida. Que tal buscar seu novo melhor amigo hoje? Vem com a gente!” está presente no html",
              "timedOut": null,
              "duration": 461,
              "state": "passed",
              "speed": "fast",
              "pass": true,
              "fail": false,
              "pending": false,
              "context": null,
              "code": "cy.contains('Adotar pode mudar uma vida. Que tal buscar seu novo melhor amigo hoje? Vem com a gente!').should('be.visible');",
              "err": {},
              "uuid": "0951cc60-fcdb-4cd7-bd02-d9631b64a0c6",
              "parentUUID": "510275e1-0815-4ef9-bd24-37a015e3858f",
              "isHook": false,
              "skipped": false
            },
            {
              "title": "Verifica texto no botão que redireciona para home",
              "fullTitle": "Página inicial Verifica texto no botão que redireciona para home",
              "timedOut": null,
              "duration": 192,
              "state": "passed",
              "speed": "fast",
              "pass": true,
              "fail": false,
              "pending": false,
              "context": null,
              "code": "cy.contains('a', 'Ver pets disponíveis para adoção').should('be.visible');",
              "err": {},
              "uuid": "43adf502-2544-417c-856a-46a1e02f850c",
              "parentUUID": "510275e1-0815-4ef9-bd24-37a015e3858f",
              "isHook": false,
              "skipped": false
            }
          ],
          "suites": [],
          "passes": [
            "4d928a30-f03c-4587-bbb4-f6e8162612df",
            "efc9f542-5fbc-49c0-bbd6-e3f76cc6021e",
            "88911bc3-b4c8-473a-9586-f93bb9ac7fa8",
            "d832f3ab-968c-4824-9a1b-750a8959f4b0",
            "b14aa83d-0f43-437a-9174-e140b2c9a2d0",
            "0951cc60-fcdb-4cd7-bd02-d9631b64a0c6",
            "43adf502-2544-417c-856a-46a1e02f850c"
          ],
          "failures": [],
          "pending": [],
          "skipped": [],
          "duration": 2412,
          "root": false,
          "rootEmpty": false,
          "_timeout": 2000
        }
      ],
      "passes": [],
      "failures": [],
      "pending": [],
      "skipped": [],
      "duration": 0,
      "root": true,
      "rootEmpty": true,
      "_timeout": 2000
    }
  ],
  "meta": {
    "mocha": {
      "version": "7.0.1"
    },
    "mochawesome": {
      "options": {
        "quiet": false,
        "reportFilename": "mochawesome",
        "saveHtml": true,
        "saveJson": true,
        "consoleReporter": "spec",
        "useInlineDiffs": false,
        "code": true
      },
      "version": "7.1.3"
    },
    "marge": {
      "options": {
        "reportDir": "cypress/results",
        "overwrite": false,
        "html": true,
        "json": true,
        "timestamp": "mmddyyyy_HHMMss"
      },
      "version": "6.2.0"
    }
  }
}