{
  "stats": {
    "suites": 1,
    "tests": 5,
    "passes": 5,
    "pending": 0,
    "failures": 0,
    "start": "2025-02-07T12:40:38.199Z",
    "end": "2025-02-07T12:40:49.362Z",
    "duration": 11163,
    "testsRegistered": 5,
    "passPercent": 100,
    "pendingPercent": 0,
    "other": 0,
    "hasOther": false,
    "skipped": 0,
    "hasSkipped": false
  },
  "results": [
    {
      "uuid": "1216be9d-8499-4ac8-9373-0ae0f207cf42",
      "title": "",
      "fullFile": "cypress\\e2e\\aula2-login.cy.js",
      "file": "cypress\\e2e\\aula2-login.cy.js",
      "beforeHooks": [],
      "afterHooks": [],
      "tests": [],
      "suites": [
        {
          "uuid": "11c2e51c-777b-4d09-b7d3-ae7c5d79713d",
          "title": "Login no site Adopet",
          "fullFile": "",
          "file": "",
          "beforeHooks": [],
          "afterHooks": [],
          "tests": [
            {
              "title": "Deve preencher os campos do login corretamente e autenticar o usuário na página",
              "fullTitle": "Login no site Adopet Deve preencher os campos do login corretamente e autenticar o usuário na página",
              "timedOut": null,
              "duration": 2450,
              "state": "passed",
              "speed": "fast",
              "pass": true,
              "fail": false,
              "pending": false,
              "context": null,
              "code": "cy.login('jarbas@email.com', 'Senha123');\ncy.url().should('include', '/home');",
              "err": {},
              "uuid": "fa8bd280-026c-49ae-9780-e120c8eabb56",
              "parentUUID": "11c2e51c-777b-4d09-b7d3-ae7c5d79713d",
              "isHook": false,
              "skipped": false
            },
            {
              "title": "Falha no login, o email não foi preenchido corretamente",
              "fullTitle": "Login no site Adopet Falha no login, o email não foi preenchido corretamente",
              "timedOut": null,
              "duration": 1883,
              "state": "passed",
              "speed": "fast",
              "pass": true,
              "fail": false,
              "pending": false,
              "context": null,
              "code": "cy.login('jarbas', ' ');\ncy.contains('Por favor, verifique o email digitado').should('be.visible');",
              "err": {},
              "uuid": "878d638f-ea64-4e6f-9371-53472dd53a89",
              "parentUUID": "11c2e51c-777b-4d09-b7d3-ae7c5d79713d",
              "isHook": false,
              "skipped": false
            },
            {
              "title": "Falha no login do sistema, senha não atende o padrão",
              "fullTitle": "Login no site Adopet Falha no login do sistema, senha não atende o padrão",
              "timedOut": null,
              "duration": 1724,
              "state": "passed",
              "speed": "fast",
              "pass": true,
              "fail": false,
              "pending": false,
              "context": null,
              "code": "cy.login('jarbas@email.com', 'Senha');\ncy.contains('A senha deve conter pelo menos uma letra maiúscula, um número e ter entre 6 e 15 caracteres').should('be.visible');",
              "err": {},
              "uuid": "eacbe7d6-0d70-43c1-bbaf-fc79ef1eb8a2",
              "parentUUID": "11c2e51c-777b-4d09-b7d3-ae7c5d79713d",
              "isHook": false,
              "skipped": false
            },
            {
              "title": "Falha no login do sistema, credenciais não conferem",
              "fullTitle": "Login no site Adopet Falha no login do sistema, credenciais não conferem",
              "timedOut": null,
              "duration": 2603,
              "state": "passed",
              "speed": "fast",
              "pass": true,
              "fail": false,
              "pending": false,
              "context": null,
              "code": "cy.login('jarbas@email.com', 'Senha321');\ncy.contains('Falha no login. Consulte suas credenciais.').should('be.visible');",
              "err": {},
              "uuid": "bd174ec0-ff55-4001-ae33-a96054a2c00b",
              "parentUUID": "11c2e51c-777b-4d09-b7d3-ae7c5d79713d",
              "isHook": false,
              "skipped": false
            },
            {
              "title": "Falha no login do sistema, campos não preenchidos",
              "fullTitle": "Login no site Adopet Falha no login do sistema, campos não preenchidos",
              "timedOut": null,
              "duration": 1184,
              "state": "passed",
              "speed": "fast",
              "pass": true,
              "fail": false,
              "pending": false,
              "context": null,
              "code": "cy.get('[data-test=\"submit-button\"]').click();\ncy.contains('É necessário informar um endereço de email').should('be.visible');\ncy.contains('Insira sua senha').should('be.visible');",
              "err": {},
              "uuid": "dca2485a-cc04-4a38-8d99-3649a39b5475",
              "parentUUID": "11c2e51c-777b-4d09-b7d3-ae7c5d79713d",
              "isHook": false,
              "skipped": false
            }
          ],
          "suites": [],
          "passes": [
            "fa8bd280-026c-49ae-9780-e120c8eabb56",
            "878d638f-ea64-4e6f-9371-53472dd53a89",
            "eacbe7d6-0d70-43c1-bbaf-fc79ef1eb8a2",
            "bd174ec0-ff55-4001-ae33-a96054a2c00b",
            "dca2485a-cc04-4a38-8d99-3649a39b5475"
          ],
          "failures": [],
          "pending": [],
          "skipped": [],
          "duration": 9844,
          "root": false,
          "rootEmpty": false,
          "_timeout": 2000
        }
      ],
      "passes": [],
      "failures": [],
      "pending": [],
      "skipped": [],
      "duration": 0,
      "root": true,
      "rootEmpty": true,
      "_timeout": 2000
    }
  ],
  "meta": {
    "mocha": {
      "version": "7.0.1"
    },
    "mochawesome": {
      "options": {
        "quiet": false,
        "reportFilename": "mochawesome",
        "saveHtml": true,
        "saveJson": true,
        "consoleReporter": "spec",
        "useInlineDiffs": false,
        "code": true
      },
      "version": "7.1.3"
    },
    "marge": {
      "options": {
        "reportDir": "cypress/results",
        "overwrite": false,
        "html": true,
        "json": true,
        "timestamp": "mmddyyyy_HHMMss"
      },
      "version": "6.2.0"
    }
  }
}