{
  "stats": {
    "suites": 1,
    "tests": 6,
    "passes": 6,
    "pending": 0,
    "failures": 0,
    "start": "2025-02-07T12:40:14.713Z",
    "end": "2025-02-07T12:40:21.475Z",
    "duration": 6762,
    "testsRegistered": 6,
    "passPercent": 100,
    "pendingPercent": 0,
    "other": 0,
    "hasOther": false,
    "skipped": 0,
    "hasSkipped": false
  },
  "results": [
    {
      "uuid": "fb9069fd-30dc-4697-ae66-99eb9219b642",
      "title": "",
      "fullFile": "cypress\\e2e\\aula1.cy.js",
      "file": "cypress\\e2e\\aula1.cy.js",
      "beforeHooks": [],
      "afterHooks": [],
      "tests": [],
      "suites": [
        {
          "uuid": "130f5e69-6f36-4cf5-9a6c-965c84695d7d",
          "title": "Página de cadastro",
          "fullFile": "",
          "file": "",
          "beforeHooks": [],
          "afterHooks": [],
          "tests": [
            {
              "title": "Preencher os campos do formulário corretamente para cadastrar um novo usuário",
              "fullTitle": "Página de cadastro Preencher os campos do formulário corretamente para cadastrar um novo usuário",
              "timedOut": null,
              "duration": 3184,
              "state": "passed",
              "speed": "fast",
              "pass": true,
              "fail": false,
              "pending": false,
              "context": null,
              "code": "cy.visit('https://adopet-frontend-cypress.vercel.app');\ncy.contains('a', 'Cadastrar').click();\ncy.get('input[name=\"nome\"]').type('Jarbas da Costa');\ncy.get('input[name=\"email\"]').type('jarbas@email.com');\ncy.get('input[name=\"password\"]').type('Senha123');\ncy.get('input[name=\"confirm_password\"]').type('Senha123');\ncy.contains('button', 'Cadastrar').click();",
              "err": {},
              "uuid": "de2273cb-34cc-426c-9909-6cbff21abe2d",
              "parentUUID": "130f5e69-6f36-4cf5-9a6c-965c84695d7d",
              "isHook": false,
              "skipped": false
            },
            {
              "title": "Visita a página de principal do AdoPet e clica no botão ‘Ver pets disponíveis para adoção”",
              "fullTitle": "Página de cadastro Visita a página de principal do AdoPet e clica no botão ‘Ver pets disponíveis para adoção”",
              "timedOut": null,
              "duration": 127,
              "state": "passed",
              "speed": "fast",
              "pass": true,
              "fail": false,
              "pending": false,
              "context": null,
              "code": "cy.visit('https://adopet-frontend-cypress.vercel.app');\ncy.get('.button').click;",
              "err": {},
              "uuid": "8ffb0741-2d17-43fc-8ef0-c51ae86db5e5",
              "parentUUID": "130f5e69-6f36-4cf5-9a6c-965c84695d7d",
              "isHook": false,
              "skipped": false
            },
            {
              "title": "Visita a página de principal do AdoPet e teste os botões header",
              "fullTitle": "Página de cadastro Visita a página de principal do AdoPet e teste os botões header",
              "timedOut": null,
              "duration": 527,
              "state": "passed",
              "speed": "fast",
              "pass": true,
              "fail": false,
              "pending": false,
              "context": null,
              "code": "cy.visit('https://adopet-frontend-cypress.vercel.app');\ncy.get('.header__home');\ncy.get('.header__message');",
              "err": {},
              "uuid": "04e3a8de-cabb-48aa-b87e-ca66f5de0809",
              "parentUUID": "130f5e69-6f36-4cf5-9a6c-965c84695d7d",
              "isHook": false,
              "skipped": false
            },
            {
              "title": "Visita a página de /login do Adopet;",
              "fullTitle": "Página de cadastro Visita a página de /login do Adopet;",
              "timedOut": null,
              "duration": 221,
              "state": "passed",
              "speed": "fast",
              "pass": true,
              "fail": false,
              "pending": false,
              "context": null,
              "code": "cy.visit('https://adopet-frontend-cypress.vercel.app/login');",
              "err": {},
              "uuid": "335df072-90f7-4b8d-9b08-58ef87a603e4",
              "parentUUID": "130f5e69-6f36-4cf5-9a6c-965c84695d7d",
              "isHook": false,
              "skipped": false
            },
            {
              "title": "Visite a página de /home do Adopet",
              "fullTitle": "Página de cadastro Visite a página de /home do Adopet",
              "timedOut": null,
              "duration": 205,
              "state": "passed",
              "speed": "fast",
              "pass": true,
              "fail": false,
              "pending": false,
              "context": null,
              "code": "cy.visit('https://adopet-frontend-cypress.vercel.app/home');",
              "err": {},
              "uuid": "7e7ba973-77a7-4a53-898a-3c7ae0b472c3",
              "parentUUID": "130f5e69-6f36-4cf5-9a6c-965c84695d7d",
              "isHook": false,
              "skipped": false
            },
            {
              "title": "Visite a página de /home do AdoPet e clique no botão “Falar com o responsável”",
              "fullTitle": "Página de cadastro Visite a página de /home do AdoPet e clique no botão “Falar com o responsável”",
              "timedOut": null,
              "duration": 737,
              "state": "passed",
              "speed": "fast",
              "pass": true,
              "fail": false,
              "pending": false,
              "context": null,
              "code": "cy.visit('https://adopet-frontend-cypress.vercel.app/home');\ncy.contains('a', 'Falar com responsável').click();",
              "err": {},
              "uuid": "deb6ee82-98ce-4422-9c2c-911c2551190c",
              "parentUUID": "130f5e69-6f36-4cf5-9a6c-965c84695d7d",
              "isHook": false,
              "skipped": false
            }
          ],
          "suites": [],
          "passes": [
            "de2273cb-34cc-426c-9909-6cbff21abe2d",
            "8ffb0741-2d17-43fc-8ef0-c51ae86db5e5",
            "04e3a8de-cabb-48aa-b87e-ca66f5de0809",
            "335df072-90f7-4b8d-9b08-58ef87a603e4",
            "7e7ba973-77a7-4a53-898a-3c7ae0b472c3",
            "deb6ee82-98ce-4422-9c2c-911c2551190c"
          ],
          "failures": [],
          "pending": [],
          "skipped": [],
          "duration": 5001,
          "root": false,
          "rootEmpty": false,
          "_timeout": 2000
        }
      ],
      "passes": [],
      "failures": [],
      "pending": [],
      "skipped": [],
      "duration": 0,
      "root": true,
      "rootEmpty": true,
      "_timeout": 2000
    }
  ],
  "meta": {
    "mocha": {
      "version": "7.0.1"
    },
    "mochawesome": {
      "options": {
        "quiet": false,
        "reportFilename": "mochawesome",
        "saveHtml": true,
        "saveJson": true,
        "consoleReporter": "spec",
        "useInlineDiffs": false,
        "code": true
      },
      "version": "7.1.3"
    },
    "marge": {
      "options": {
        "reportDir": "cypress/results",
        "overwrite": false,
        "html": true,
        "json": true,
        "timestamp": "mmddyyyy_HHMMss"
      },
      "version": "6.2.0"
    }
  }
}