{
  "stats": {
    "suites": 1,
    "tests": 3,
    "passes": 3,
    "pending": 0,
    "failures": 0,
    "start": "2025-02-07T12:40:22.747Z",
    "end": "2025-02-07T12:40:31.336Z",
    "duration": 8589,
    "testsRegistered": 3,
    "passPercent": 100,
    "pendingPercent": 0,
    "other": 0,
    "hasOther": false,
    "skipped": 0,
    "hasSkipped": false
  },
  "results": [
    {
      "uuid": "257e16ff-82a3-4bb0-9c89-bc55a55c487b",
      "title": "",
      "fullFile": "cypress\\e2e\\aula2-cadastro.cy.js",
      "file": "cypress\\e2e\\aula2-cadastro.cy.js",
      "beforeHooks": [],
      "afterHooks": [],
      "tests": [],
      "suites": [
        {
          "uuid": "5f85c9b9-2e0e-4c88-9ab3-c570896dd6a0",
          "title": "Página de cadastro",
          "fullFile": "",
          "file": "",
          "beforeHooks": [],
          "afterHooks": [],
          "tests": [
            {
              "title": "Preencher os campos do formulário corretamente para cadastrar um novo usuário",
              "fullTitle": "Página de cadastro Preencher os campos do formulário corretamente para cadastrar um novo usuário",
              "timedOut": null,
              "duration": 3113,
              "state": "passed",
              "speed": "fast",
              "pass": true,
              "fail": false,
              "pending": false,
              "context": null,
              "code": "cy.cadastrar('Jarbas da Costa', 'jarbas@email.com', 'Senha123');",
              "err": {},
              "uuid": "200e4657-a64d-468c-bc7d-1b42478a698a",
              "parentUUID": "5f85c9b9-2e0e-4c88-9ab3-c570896dd6a0",
              "isHook": false,
              "skipped": false
            },
            {
              "title": "Não preencher os campos do formulário para cadastrar um novo usuário",
              "fullTitle": "Página de cadastro Não preencher os campos do formulário para cadastrar um novo usuário",
              "timedOut": null,
              "duration": 2116,
              "state": "passed",
              "speed": "fast",
              "pass": true,
              "fail": false,
              "pending": false,
              "context": null,
              "code": "cy.get('[data-test=\"submit-button\"]').click();\ncy.contains('É necessário informar um endereço de email').should('be.visible');\ncy.contains('Crie uma senha').should('be.visible');\ncy.contains('Repita a senha criada acima').should('be.visible');",
              "err": {},
              "uuid": "c04e344b-fb1a-4ba0-b181-09a9d104037a",
              "parentUUID": "5f85c9b9-2e0e-4c88-9ab3-c570896dd6a0",
              "isHook": false,
              "skipped": false
            },
            {
              "title": "Preencher os campos do formulário incorretamente para cadastrar um novo usuário",
              "fullTitle": "Página de cadastro Preencher os campos do formulário incorretamente para cadastrar um novo usuário",
              "timedOut": null,
              "duration": 2110,
              "state": "passed",
              "speed": "fast",
              "pass": true,
              "fail": false,
              "pending": false,
              "context": null,
              "code": "cy.cadastrar('Jarbas da Costa', 'jarbas', 'Senha', 'se');\ncy.contains('Por favor, verifique o email digitado').should('be.visible');\ncy.contains('A senha deve conter pelo menos uma letra maiúscula, um número e ter entre 6 e 15 caracteres').should('be.visible');\ncy.contains('As senhas não batem').should('be.visible');",
              "err": {},
              "uuid": "08d81164-bc4d-4f0a-a6a5-d806ab680dae",
              "parentUUID": "5f85c9b9-2e0e-4c88-9ab3-c570896dd6a0",
              "isHook": false,
              "skipped": false
            }
          ],
          "suites": [],
          "passes": [
            "200e4657-a64d-468c-bc7d-1b42478a698a",
            "c04e344b-fb1a-4ba0-b181-09a9d104037a",
            "08d81164-bc4d-4f0a-a6a5-d806ab680dae"
          ],
          "failures": [],
          "pending": [],
          "skipped": [],
          "duration": 7339,
          "root": false,
          "rootEmpty": false,
          "_timeout": 2000
        }
      ],
      "passes": [],
      "failures": [],
      "pending": [],
      "skipped": [],
      "duration": 0,
      "root": true,
      "rootEmpty": true,
      "_timeout": 2000
    }
  ],
  "meta": {
    "mocha": {
      "version": "7.0.1"
    },
    "mochawesome": {
      "options": {
        "quiet": false,
        "reportFilename": "mochawesome",
        "saveHtml": true,
        "saveJson": true,
        "consoleReporter": "spec",
        "useInlineDiffs": false,
        "code": true
      },
      "version": "7.1.3"
    },
    "marge": {
      "options": {
        "reportDir": "cypress/results",
        "overwrite": false,
        "html": true,
        "json": true,
        "timestamp": "mmddyyyy_HHMMss"
      },
      "version": "6.2.0"
    }
  }
}