{
  "stats": {
    "suites": 1,
    "tests": 3,
    "passes": 3,
    "pending": 0,
    "failures": 0,
    "start": "2025-02-07T12:41:56.478Z",
    "end": "2025-02-07T12:42:05.273Z",
    "duration": 8795,
    "testsRegistered": 3,
    "passPercent": 100,
    "pendingPercent": 0,
    "other": 0,
    "hasOther": false,
    "skipped": 0,
    "hasSkipped": false
  },
  "results": [
    {
      "uuid": "c673d3d9-3bc0-465f-bc61-6e4e0e284097",
      "title": "",
      "fullFile": "cypress\\e2e\\aula2-cadastro.cy.js",
      "file": "cypress\\e2e\\aula2-cadastro.cy.js",
      "beforeHooks": [],
      "afterHooks": [],
      "tests": [],
      "suites": [
        {
          "uuid": "e6c24441-75ea-41c4-8b9f-c86f0b1f0f20",
          "title": "Página de cadastro",
          "fullFile": "",
          "file": "",
          "beforeHooks": [],
          "afterHooks": [],
          "tests": [
            {
              "title": "Preencher os campos do formulário corretamente para cadastrar um novo usuário",
              "fullTitle": "Página de cadastro Preencher os campos do formulário corretamente para cadastrar um novo usuário",
              "timedOut": null,
              "duration": 3702,
              "state": "passed",
              "speed": "fast",
              "pass": true,
              "fail": false,
              "pending": false,
              "context": null,
              "code": "cy.cadastrar('Jarbas da Costa', 'jarbas@email.com', 'Senha123');",
              "err": {},
              "uuid": "c5b6af9e-b6f2-44bd-a6a7-02e09970b5cc",
              "parentUUID": "e6c24441-75ea-41c4-8b9f-c86f0b1f0f20",
              "isHook": false,
              "skipped": false
            },
            {
              "title": "Não preencher os campos do formulário para cadastrar um novo usuário",
              "fullTitle": "Página de cadastro Não preencher os campos do formulário para cadastrar um novo usuário",
              "timedOut": null,
              "duration": 1713,
              "state": "passed",
              "speed": "fast",
              "pass": true,
              "fail": false,
              "pending": false,
              "context": null,
              "code": "cy.get('[data-test=\"submit-button\"]').click();\ncy.contains('É necessário informar um endereço de email').should('be.visible');\ncy.contains('Crie uma senha').should('be.visible');\ncy.contains('Repita a senha criada acima').should('be.visible');",
              "err": {},
              "uuid": "940bc7a5-fe67-46a8-b133-578812595336",
              "parentUUID": "e6c24441-75ea-41c4-8b9f-c86f0b1f0f20",
              "isHook": false,
              "skipped": false
            },
            {
              "title": "Preencher os campos do formulário incorretamente para cadastrar um novo usuário",
              "fullTitle": "Página de cadastro Preencher os campos do formulário incorretamente para cadastrar um novo usuário",
              "timedOut": null,
              "duration": 2116,
              "state": "passed",
              "speed": "fast",
              "pass": true,
              "fail": false,
              "pending": false,
              "context": null,
              "code": "cy.cadastrar('Jarbas da Costa', 'jarbas', 'Senha', 'se');\ncy.contains('Por favor, verifique o email digitado').should('be.visible');\ncy.contains('A senha deve conter pelo menos uma letra maiúscula, um número e ter entre 6 e 15 caracteres').should('be.visible');\ncy.contains('As senhas não batem').should('be.visible');",
              "err": {},
              "uuid": "c2d3e895-6425-4b32-a3fd-7480bf894ea4",
              "parentUUID": "e6c24441-75ea-41c4-8b9f-c86f0b1f0f20",
              "isHook": false,
              "skipped": false
            }
          ],
          "suites": [],
          "passes": [
            "c5b6af9e-b6f2-44bd-a6a7-02e09970b5cc",
            "940bc7a5-fe67-46a8-b133-578812595336",
            "c2d3e895-6425-4b32-a3fd-7480bf894ea4"
          ],
          "failures": [],
          "pending": [],
          "skipped": [],
          "duration": 7531,
          "root": false,
          "rootEmpty": false,
          "_timeout": 2000
        }
      ],
      "passes": [],
      "failures": [],
      "pending": [],
      "skipped": [],
      "duration": 0,
      "root": true,
      "rootEmpty": true,
      "_timeout": 2000
    }
  ],
  "meta": {
    "mocha": {
      "version": "7.0.1"
    },
    "mochawesome": {
      "options": {
        "quiet": false,
        "reportFilename": "mochawesome",
        "saveHtml": true,
        "saveJson": true,
        "consoleReporter": "spec",
        "useInlineDiffs": false,
        "code": true
      },
      "version": "7.1.3"
    },
    "marge": {
      "options": {
        "reportDir": "cypress/results",
        "overwrite": false,
        "html": true,
        "json": true,
        "timestamp": "mmddyyyy_HHMMss"
      },
      "version": "6.2.0"
    }
  }
}