{
  "stats": {
    "suites": 1,
    "tests": 6,
    "passes": 6,
    "pending": 0,
    "failures": 0,
    "start": "2025-02-07T12:41:47.073Z",
    "end": "2025-02-07T12:41:55.103Z",
    "duration": 8030,
    "testsRegistered": 6,
    "passPercent": 100,
    "pendingPercent": 0,
    "other": 0,
    "hasOther": false,
    "skipped": 0,
    "hasSkipped": false
  },
  "results": [
    {
      "uuid": "35201542-9b9b-4bad-9ff4-b84e102cc047",
      "title": "",
      "fullFile": "cypress\\e2e\\aula1.cy.js",
      "file": "cypress\\e2e\\aula1.cy.js",
      "beforeHooks": [],
      "afterHooks": [],
      "tests": [],
      "suites": [
        {
          "uuid": "68ff7469-5094-46fa-b090-ffdf09259983",
          "title": "Página de cadastro",
          "fullFile": "",
          "file": "",
          "beforeHooks": [],
          "afterHooks": [],
          "tests": [
            {
              "title": "Preencher os campos do formulário corretamente para cadastrar um novo usuário",
              "fullTitle": "Página de cadastro Preencher os campos do formulário corretamente para cadastrar um novo usuário",
              "timedOut": null,
              "duration": 4168,
              "state": "passed",
              "speed": "fast",
              "pass": true,
              "fail": false,
              "pending": false,
              "context": null,
              "code": "cy.visit('https://adopet-frontend-cypress.vercel.app');\ncy.contains('a', 'Cadastrar').click();\ncy.get('input[name=\"nome\"]').type('Jarbas da Costa');\ncy.get('input[name=\"email\"]').type('jarbas@email.com');\ncy.get('input[name=\"password\"]').type('Senha123');\ncy.get('input[name=\"confirm_password\"]').type('Senha123');\ncy.contains('button', 'Cadastrar').click();",
              "err": {},
              "uuid": "5ee0f3c7-a4a5-4d54-aa69-fc7768682e7c",
              "parentUUID": "68ff7469-5094-46fa-b090-ffdf09259983",
              "isHook": false,
              "skipped": false
            },
            {
              "title": "Visita a página de principal do AdoPet e clica no botão ‘Ver pets disponíveis para adoção”",
              "fullTitle": "Página de cadastro Visita a página de principal do AdoPet e clica no botão ‘Ver pets disponíveis para adoção”",
              "timedOut": null,
              "duration": 127,
              "state": "passed",
              "speed": "fast",
              "pass": true,
              "fail": false,
              "pending": false,
              "context": null,
              "code": "cy.visit('https://adopet-frontend-cypress.vercel.app');\ncy.get('.button').click;",
              "err": {},
              "uuid": "42570eee-dd16-4fa6-9273-26ea93d39f56",
              "parentUUID": "68ff7469-5094-46fa-b090-ffdf09259983",
              "isHook": false,
              "skipped": false
            },
            {
              "title": "Visita a página de principal do AdoPet e teste os botões header",
              "fullTitle": "Página de cadastro Visita a página de principal do AdoPet e teste os botões header",
              "timedOut": null,
              "duration": 523,
              "state": "passed",
              "speed": "fast",
              "pass": true,
              "fail": false,
              "pending": false,
              "context": null,
              "code": "cy.visit('https://adopet-frontend-cypress.vercel.app');\ncy.get('.header__home');\ncy.get('.header__message');",
              "err": {},
              "uuid": "dded0379-a9c4-4310-8826-8b51111af49a",
              "parentUUID": "68ff7469-5094-46fa-b090-ffdf09259983",
              "isHook": false,
              "skipped": false
            },
            {
              "title": "Visita a página de /login do Adopet;",
              "fullTitle": "Página de cadastro Visita a página de /login do Adopet;",
              "timedOut": null,
              "duration": 237,
              "state": "passed",
              "speed": "fast",
              "pass": true,
              "fail": false,
              "pending": false,
              "context": null,
              "code": "cy.visit('https://adopet-frontend-cypress.vercel.app/login');",
              "err": {},
              "uuid": "57c9ea31-0d2a-4161-bd72-add64a25f588",
              "parentUUID": "68ff7469-5094-46fa-b090-ffdf09259983",
              "isHook": false,
              "skipped": false
            },
            {
              "title": "Visite a página de /home do Adopet",
              "fullTitle": "Página de cadastro Visite a página de /home do Adopet",
              "timedOut": null,
              "duration": 205,
              "state": "passed",
              "speed": "fast",
              "pass": true,
              "fail": false,
              "pending": false,
              "context": null,
              "code": "cy.visit('https://adopet-frontend-cypress.vercel.app/home');",
              "err": {},
              "uuid": "01c88020-a361-4dbd-a5c9-ad5189cf158a",
              "parentUUID": "68ff7469-5094-46fa-b090-ffdf09259983",
              "isHook": false,
              "skipped": false
            },
            {
              "title": "Visite a página de /home do AdoPet e clique no botão “Falar com o responsável”",
              "fullTitle": "Página de cadastro Visite a página de /home do AdoPet e clique no botão “Falar com o responsável”",
              "timedOut": null,
              "duration": 959,
              "state": "passed",
              "speed": "fast",
              "pass": true,
              "fail": false,
              "pending": false,
              "context": null,
              "code": "cy.visit('https://adopet-frontend-cypress.vercel.app/home');\ncy.contains('a', 'Falar com responsável').click();",
              "err": {},
              "uuid": "525abed4-2698-4e84-847d-4ab9b14f485f",
              "parentUUID": "68ff7469-5094-46fa-b090-ffdf09259983",
              "isHook": false,
              "skipped": false
            }
          ],
          "suites": [],
          "passes": [
            "5ee0f3c7-a4a5-4d54-aa69-fc7768682e7c",
            "42570eee-dd16-4fa6-9273-26ea93d39f56",
            "dded0379-a9c4-4310-8826-8b51111af49a",
            "57c9ea31-0d2a-4161-bd72-add64a25f588",
            "01c88020-a361-4dbd-a5c9-ad5189cf158a",
            "525abed4-2698-4e84-847d-4ab9b14f485f"
          ],
          "failures": [],
          "pending": [],
          "skipped": [],
          "duration": 6219,
          "root": false,
          "rootEmpty": false,
          "_timeout": 2000
        }
      ],
      "passes": [],
      "failures": [],
      "pending": [],
      "skipped": [],
      "duration": 0,
      "root": true,
      "rootEmpty": true,
      "_timeout": 2000
    }
  ],
  "meta": {
    "mocha": {
      "version": "7.0.1"
    },
    "mochawesome": {
      "options": {
        "quiet": false,
        "reportFilename": "mochawesome",
        "saveHtml": true,
        "saveJson": true,
        "consoleReporter": "spec",
        "useInlineDiffs": false,
        "code": true
      },
      "version": "7.1.3"
    },
    "marge": {
      "options": {
        "reportDir": "cypress/results",
        "overwrite": false,
        "html": true,
        "json": true,
        "timestamp": "mmddyyyy_HHMMss"
      },
      "version": "6.2.0"
    }
  }
}