{
  "stats": {
    "suites": 1,
    "tests": 5,
    "passes": 5,
    "pending": 0,
    "failures": 0,
    "start": "2025-02-07T12:42:12.380Z",
    "end": "2025-02-07T12:42:24.021Z",
    "duration": 11641,
    "testsRegistered": 5,
    "passPercent": 100,
    "pendingPercent": 0,
    "other": 0,
    "hasOther": false,
    "skipped": 0,
    "hasSkipped": false
  },
  "results": [
    {
      "uuid": "94ee86e1-c780-4d3e-91d1-1beb0107ac20",
      "title": "",
      "fullFile": "cypress\\e2e\\aula2-login.cy.js",
      "file": "cypress\\e2e\\aula2-login.cy.js",
      "beforeHooks": [],
      "afterHooks": [],
      "tests": [],
      "suites": [
        {
          "uuid": "b0f07a94-5223-4a6b-a0c7-ab0f6778aac9",
          "title": "Login no site Adopet",
          "fullFile": "",
          "file": "",
          "beforeHooks": [],
          "afterHooks": [],
          "tests": [
            {
              "title": "Deve preencher os campos do login corretamente e autenticar o usuário na página",
              "fullTitle": "Login no site Adopet Deve preencher os campos do login corretamente e autenticar o usuário na página",
              "timedOut": null,
              "duration": 2418,
              "state": "passed",
              "speed": "fast",
              "pass": true,
              "fail": false,
              "pending": false,
              "context": null,
              "code": "cy.login('jarbas@email.com', 'Senha123');\ncy.url().should('include', '/home');",
              "err": {},
              "uuid": "dc6c5f93-f40e-4e47-9a04-25f70ba3671b",
              "parentUUID": "b0f07a94-5223-4a6b-a0c7-ab0f6778aac9",
              "isHook": false,
              "skipped": false
            },
            {
              "title": "Falha no login, o email não foi preenchido corretamente",
              "fullTitle": "Login no site Adopet Falha no login, o email não foi preenchido corretamente",
              "timedOut": null,
              "duration": 1906,
              "state": "passed",
              "speed": "fast",
              "pass": true,
              "fail": false,
              "pending": false,
              "context": null,
              "code": "cy.login('jarbas', ' ');\ncy.contains('Por favor, verifique o email digitado').should('be.visible');",
              "err": {},
              "uuid": "c6edb7f7-8d93-4796-a6f2-f3ea24e68679",
              "parentUUID": "b0f07a94-5223-4a6b-a0c7-ab0f6778aac9",
              "isHook": false,
              "skipped": false
            },
            {
              "title": "Falha no login do sistema, senha não atende o padrão",
              "fullTitle": "Login no site Adopet Falha no login do sistema, senha não atende o padrão",
              "timedOut": null,
              "duration": 1729,
              "state": "passed",
              "speed": "fast",
              "pass": true,
              "fail": false,
              "pending": false,
              "context": null,
              "code": "cy.login('jarbas@email.com', 'Senha');\ncy.contains('A senha deve conter pelo menos uma letra maiúscula, um número e ter entre 6 e 15 caracteres').should('be.visible');",
              "err": {},
              "uuid": "c0daef04-ccb1-4b71-8ab3-732759bae09f",
              "parentUUID": "b0f07a94-5223-4a6b-a0c7-ab0f6778aac9",
              "isHook": false,
              "skipped": false
            },
            {
              "title": "Falha no login do sistema, credenciais não conferem",
              "fullTitle": "Login no site Adopet Falha no login do sistema, credenciais não conferem",
              "timedOut": null,
              "duration": 2581,
              "state": "passed",
              "speed": "fast",
              "pass": true,
              "fail": false,
              "pending": false,
              "context": null,
              "code": "cy.login('jarbas@email.com', 'Senha321');\ncy.contains('Falha no login. Consulte suas credenciais.').should('be.visible');",
              "err": {},
              "uuid": "0fefd3d2-ccfb-42a7-b589-cabc8dc0cd13",
              "parentUUID": "b0f07a94-5223-4a6b-a0c7-ab0f6778aac9",
              "isHook": false,
              "skipped": false
            },
            {
              "title": "Falha no login do sistema, campos não preenchidos",
              "fullTitle": "Login no site Adopet Falha no login do sistema, campos não preenchidos",
              "timedOut": null,
              "duration": 1317,
              "state": "passed",
              "speed": "fast",
              "pass": true,
              "fail": false,
              "pending": false,
              "context": null,
              "code": "cy.get('[data-test=\"submit-button\"]').click();\ncy.contains('É necessário informar um endereço de email').should('be.visible');\ncy.contains('Insira sua senha').should('be.visible');",
              "err": {},
              "uuid": "2cb914f1-77f1-47f3-8266-59a9642bb396",
              "parentUUID": "b0f07a94-5223-4a6b-a0c7-ab0f6778aac9",
              "isHook": false,
              "skipped": false
            }
          ],
          "suites": [],
          "passes": [
            "dc6c5f93-f40e-4e47-9a04-25f70ba3671b",
            "c6edb7f7-8d93-4796-a6f2-f3ea24e68679",
            "c0daef04-ccb1-4b71-8ab3-732759bae09f",
            "0fefd3d2-ccfb-42a7-b589-cabc8dc0cd13",
            "2cb914f1-77f1-47f3-8266-59a9642bb396"
          ],
          "failures": [],
          "pending": [],
          "skipped": [],
          "duration": 9951,
          "root": false,
          "rootEmpty": false,
          "_timeout": 2000
        }
      ],
      "passes": [],
      "failures": [],
      "pending": [],
      "skipped": [],
      "duration": 0,
      "root": true,
      "rootEmpty": true,
      "_timeout": 2000
    }
  ],
  "meta": {
    "mocha": {
      "version": "7.0.1"
    },
    "mochawesome": {
      "options": {
        "quiet": false,
        "reportFilename": "mochawesome",
        "saveHtml": true,
        "saveJson": true,
        "consoleReporter": "spec",
        "useInlineDiffs": false,
        "code": true
      },
      "version": "7.1.3"
    },
    "marge": {
      "options": {
        "reportDir": "cypress/results",
        "overwrite": false,
        "html": true,
        "json": true,
        "timestamp": "mmddyyyy_HHMMss"
      },
      "version": "6.2.0"
    }
  }
}