{
  "stats": {
    "suites": 1,
    "tests": 1,
    "passes": 1,
    "pending": 0,
    "failures": 0,
    "start": "2025-02-07T12:42:06.601Z",
    "end": "2025-02-07T12:42:10.969Z",
    "duration": 4368,
    "testsRegistered": 1,
    "passPercent": 100,
    "pendingPercent": 0,
    "other": 0,
    "hasOther": false,
    "skipped": 0,
    "hasSkipped": false
  },
  "results": [
    {
      "uuid": "5a83cbda-0437-4cbe-8d75-29080176d96e",
      "title": "",
      "fullFile": "cypress\\e2e\\aula2-login-fluxo.cy.js",
      "file": "cypress\\e2e\\aula2-login-fluxo.cy.js",
      "beforeHooks": [],
      "afterHooks": [],
      "tests": [],
      "suites": [
        {
          "uuid": "b3e3cd11-368d-462b-a6ec-8a882db0015b",
          "title": "Fluxo de Login",
          "fullFile": "",
          "file": "",
          "beforeHooks": [],
          "afterHooks": [],
          "tests": [
            {
              "title": "Verifica se o login funciona ao clicar no icone de mensagem",
              "fullTitle": "Fluxo de Login Verifica se o login funciona ao clicar no icone de mensagem",
              "timedOut": null,
              "duration": 3110,
              "state": "passed",
              "speed": "fast",
              "pass": true,
              "fail": false,
              "pending": false,
              "context": null,
              "code": "cy.get('.header__message').click();\ncy.login('jarbas@email.com', 'Senha123');\ncy.url().should('include', '/home');",
              "err": {},
              "uuid": "9a697466-8e5d-4e03-9078-d7c41802b6a1",
              "parentUUID": "b3e3cd11-368d-462b-a6ec-8a882db0015b",
              "isHook": false,
              "skipped": false
            }
          ],
          "suites": [],
          "passes": [
            "9a697466-8e5d-4e03-9078-d7c41802b6a1"
          ],
          "failures": [],
          "pending": [],
          "skipped": [],
          "duration": 3110,
          "root": false,
          "rootEmpty": false,
          "_timeout": 2000
        }
      ],
      "passes": [],
      "failures": [],
      "pending": [],
      "skipped": [],
      "duration": 0,
      "root": true,
      "rootEmpty": true,
      "_timeout": 2000
    }
  ],
  "meta": {
    "mocha": {
      "version": "7.0.1"
    },
    "mochawesome": {
      "options": {
        "quiet": false,
        "reportFilename": "mochawesome",
        "saveHtml": true,
        "saveJson": true,
        "consoleReporter": "spec",
        "useInlineDiffs": false,
        "code": true
      },
      "version": "7.1.3"
    },
    "marge": {
      "options": {
        "reportDir": "cypress/results",
        "overwrite": false,
        "html": true,
        "json": true,
        "timestamp": "mmddyyyy_HHMMss"
      },
      "version": "6.2.0"
    }
  }
}